2009/12/09 13:57:05 [error] [exception.CException] exception 'CException' with message '属性 "Articles.blogsid" 未被定义.' in D:\wamp\wwwclient\11ok.yii\framework\base\CComponent.php:131
Stack trace:
#0 D:\wamp\wwwclient\11ok.yii\framework\db\ar\CActiveRecord.php(106): CComponent->__get('blogsid')
#1 D:\wamp\wwwclient\11ok.yii\protected\views\articles\admin.php(31): CActiveRecord->__get('blogsid')
#2 D:\wamp\wwwclient\11ok.yii\framework\web\CBaseController.php(119): require('D:\wamp\wwwclie...')
#3 D:\wamp\wwwclient\11ok.yii\framework\web\CBaseController.php(88): CBaseController->renderInternal('D:\wamp\wwwclie...', Array, true)
#4 D:\wamp\wwwclient\11ok.yii\framework\web\CController.php(706): CBaseController->renderFile('D:\wamp\wwwclie...', Array, true)
#5 D:\wamp\wwwclient\11ok.yii\framework\web\CController.php(645): CController->renderPartial('admin', Array, true)
#6 D:\wamp\wwwclient\11ok.yii\protected\controllers\ArticlesController.php(187): CController->render('admin', Array)
#7 D:\wamp\wwwclient\11ok.yii\framework\web\actions\CInlineAction.php(32): ArticlesController->actionAdmin()
#8 D:\wamp\wwwclient\11ok.yii\framework\web\CController.php(300): CInlineAction->run()
#9 D:\wamp\wwwclient\11ok.yii\framework\web\filters\CFilterChain.php(129): CController->runAction(Object(CInlineAction))
#10 D:\wamp\wwwclient\11ok.yii\framework\web\filters\CFilter.php(41): CFilterChain->run()
#11 D:\wamp\wwwclient\11ok.yii\framework\web\CController.php(957): CFilter->filter(Object(CFilterChain))
#12 D:\wamp\wwwclient\11ok.yii\framework\web\filters\CInlineFilter.php(59): CController->filterAccessControl(Object(CFilterChain))
#13 D:\wamp\wwwclient\11ok.yii\framework\web\filters\CFilterChain.php(126): CInlineFilter->filter(Object(CFilterChain))
#14 D:\wamp\wwwclient\11ok.yii\framework\web\CController.php(283): CFilterChain->run()
#15 D:\wamp\wwwclient\11ok.yii\framework\web\CController.php(257): CController->runActionWithFilters(Object(CInlineAction), Array)
#16 D:\wamp\wwwclient\11ok.yii\framework\web\CWebApplication.php(320): CController->run('admin')
#17 D:\wamp\wwwclient\11ok.yii\framework\web\CWebApplication.php(120): CWebApplication->runController('articles/admin')
#18 D:\wamp\wwwclient\11ok.yii\framework\base\CApplication.php(135): CWebApplication->processRequest()
#19 D:\wamp\wwwclient\11ok.yii\index.php(12): CApplication->run()
#20 {main} REQUEST_URI=/index.php?r=articles/admin
2009/12/09 14:09:10 [error] [exception.CHttpException.404] exception 'CHttpException' with message 'The requested post does not exist.' in D:\wamp\wwwclient\11ok.yii\protected\controllers\BlogsController.php:88
Stack trace:
#0 D:\wamp\wwwclient\11ok.yii\framework\web\actions\CInlineAction.php(32): BlogsController->actionUpdate()
#1 D:\wamp\wwwclient\11ok.yii\framework\web\CController.php(300): CInlineAction->run()
#2 D:\wamp\wwwclient\11ok.yii\framework\web\filters\CFilterChain.php(129): CController->runAction(Object(CInlineAction))
#3 D:\wamp\wwwclient\11ok.yii\framework\web\filters\CFilter.php(41): CFilterChain->run()
#4 D:\wamp\wwwclient\11ok.yii\framework\web\CController.php(957): CFilter->filter(Object(CFilterChain))
#5 D:\wamp\wwwclient\11ok.yii\framework\web\filters\CInlineFilter.php(59): CController->filterAccessControl(Object(CFilterChain))
#6 D:\wamp\wwwclient\11ok.yii\framework\web\filters\CFilterChain.php(126): CInlineFilter->filter(Object(CFilterChain))
#7 D:\wamp\wwwclient\11ok.yii\framework\web\CController.php(283): CFilterChain->run()
#8 D:\wamp\wwwclient\11ok.yii\framework\web\CController.php(257): CController->runActionWithFilters(Object(CInlineAction), Array)
#9 D:\wamp\wwwclient\11ok.yii\framework\web\CWebApplication.php(320): CController->run('update')
#10 D:\wamp\wwwclient\11ok.yii\framework\web\CWebApplication.php(120): CWebApplication->runController('blogs/update')
#11 D:\wamp\wwwclient\11ok.yii\framework\base\CApplication.php(135): CWebApplication->processRequest()
#12 D:\wamp\wwwclient\11ok.yii\index.php(12): CApplication->run()
#13 {main} REQUEST_URI=/index.php?r=blogs/update&id=8
2009/12/09 14:09:15 [error] [exception.CHttpException.404] exception 'CHttpException' with message 'The requested post does not exist.' in D:\wamp\wwwclient\11ok.yii\protected\controllers\BlogsController.php:88
Stack trace:
#0 D:\wamp\wwwclient\11ok.yii\framework\web\actions\CInlineAction.php(32): BlogsController->actionUpdate()
#1 D:\wamp\wwwclient\11ok.yii\framework\web\CController.php(300): CInlineAction->run()
#2 D:\wamp\wwwclient\11ok.yii\framework\web\filters\CFilterChain.php(129): CController->runAction(Object(CInlineAction))
#3 D:\wamp\wwwclient\11ok.yii\framework\web\filters\CFilter.php(41): CFilterChain->run()
#4 D:\wamp\wwwclient\11ok.yii\framework\web\CController.php(957): CFilter->filter(Object(CFilterChain))
#5 D:\wamp\wwwclient\11ok.yii\framework\web\filters\CInlineFilter.php(59): CController->filterAccessControl(Object(CFilterChain))
#6 D:\wamp\wwwclient\11ok.yii\framework\web\filters\CFilterChain.php(126): CInlineFilter->filter(Object(CFilterChain))
#7 D:\wamp\wwwclient\11ok.yii\framework\web\CController.php(283): CFilterChain->run()
#8 D:\wamp\wwwclient\11ok.yii\framework\web\CController.php(257): CController->runActionWithFilters(Object(CInlineAction), Array)
#9 D:\wamp\wwwclient\11ok.yii\framework\web\CWebApplication.php(320): CController->run('update')
#10 D:\wamp\wwwclient\11ok.yii\framework\web\CWebApplication.php(120): CWebApplication->runController('blogs/update')
#11 D:\wamp\wwwclient\11ok.yii\framework\base\CApplication.php(135): CWebApplication->processRequest()
#12 D:\wamp\wwwclient\11ok.yii\index.php(12): CApplication->run()
#13 {main} REQUEST_URI=/index.php?r=blogs/update&id=8
2009/12/09 14:09:38 [error] [exception.CHttpException.404] exception 'CHttpException' with message 'The requested post does not exist.' in D:\wamp\wwwclient\11ok.yii\protected\controllers\BlogsController.php:88
Stack trace:
#0 D:\wamp\wwwclient\11ok.yii\framework\web\actions\CInlineAction.php(32): BlogsController->actionUpdate()
#1 D:\wamp\wwwclient\11ok.yii\framework\web\CController.php(300): CInlineAction->run()
#2 D:\wamp\wwwclient\11ok.yii\framework\web\filters\CFilterChain.php(129): CController->runAction(Object(CInlineAction))
#3 D:\wamp\wwwclient\11ok.yii\framework\web\filters\CFilter.php(41): CFilterChain->run()
#4 D:\wamp\wwwclient\11ok.yii\framework\web\CController.php(957): CFilter->filter(Object(CFilterChain))
#5 D:\wamp\wwwclient\11ok.yii\framework\web\filters\CInlineFilter.php(59): CController->filterAccessControl(Object(CFilterChain))
#6 D:\wamp\wwwclient\11ok.yii\framework\web\filters\CFilterChain.php(126): CInlineFilter->filter(Object(CFilterChain))
#7 D:\wamp\wwwclient\11ok.yii\framework\web\CController.php(283): CFilterChain->run()
#8 D:\wamp\wwwclient\11ok.yii\framework\web\CController.php(257): CController->runActionWithFilters(Object(CInlineAction), Array)
#9 D:\wamp\wwwclient\11ok.yii\framework\web\CWebApplication.php(320): CController->run('update')
#10 D:\wamp\wwwclient\11ok.yii\framework\web\CWebApplication.php(120): CWebApplication->runController('blogs/update')
#11 D:\wamp\wwwclient\11ok.yii\framework\base\CApplication.php(135): CWebApplication->processRequest()
#12 D:\wamp\wwwclient\11ok.yii\index.php(12): CApplication->run()
#13 {main} REQUEST_URI=/index.php?r=blogs/update&id=8
